<?xml version="1.0" encoding="UTF-8"?>
<testsuites>
  <testsuite name="fastlane.lanes">
    
    
    
      
      <testcase classname="fastlane.lanes" name="0: Verifying fastlane version" time="0.000421">
        
      </testcase>
    
      
      <testcase classname="fastlane.lanes" name="1: default_platform" time="0.000214">
        
      </testcase>
    
      
      <testcase classname="fastlane.lanes" name="2: xctest" time="0.329628">
        
          <failure message="/usr/local/Cellar/fastlane/2.219.0_2/libexec/gems/fastlane-2.219.0/fastlane/lib/fastlane/actions/actions_helper.rb:67:in `execute_action&apos;&#10;/usr/local/Cellar/fastlane/2.219.0_2/libexec/gems/fastlane-2.219.0/fastlane/lib/fastlane/runner.rb:255:in `block in execute_action&apos;&#10;/usr/local/Cellar/fastlane/2.219.0_2/libexec/gems/fastlane-2.219.0/fastlane/lib/fastlane/runner.rb:229:in `chdir&apos;&#10;/usr/local/Cellar/fastlane/2.219.0_2/libexec/gems/fastlane-2.219.0/fastlane/lib/fastlane/runner.rb:229:in `execute_action&apos;&#10;/usr/local/Cellar/fastlane/2.219.0_2/libexec/gems/fastlane-2.219.0/fastlane/lib/fastlane/runner.rb:157:in `trigger_action_by_name&apos;&#10;/usr/local/Cellar/fastlane/2.219.0_2/libexec/gems/fastlane-2.219.0/fastlane/lib/fastlane/fast_file.rb:159:in `method_missing&apos;&#10;../fastlane/Fastfile:24:in `block (2 levels) in parsing_binding&apos;&#10;/usr/local/Cellar/fastlane/2.219.0_2/libexec/gems/fastlane-2.219.0/fastlane/lib/fastlane/lane.rb:41:in `call&apos;&#10;/usr/local/Cellar/fastlane/2.219.0_2/libexec/gems/fastlane-2.219.0/fastlane/lib/fastlane/runner.rb:49:in `block in execute&apos;&#10;/usr/local/Cellar/fastlane/2.219.0_2/libexec/gems/fastlane-2.219.0/fastlane/lib/fastlane/runner.rb:45:in `chdir&apos;&#10;/usr/local/Cellar/fastlane/2.219.0_2/libexec/gems/fastlane-2.219.0/fastlane/lib/fastlane/runner.rb:45:in `execute&apos;&#10;/usr/local/Cellar/fastlane/2.219.0_2/libexec/gems/fastlane-2.219.0/fastlane/lib/fastlane/lane_manager.rb:46:in `cruise_lane&apos;&#10;/usr/local/Cellar/fastlane/2.219.0_2/libexec/gems/fastlane-2.219.0/fastlane/lib/fastlane/command_line_handler.rb:34:in `handle&apos;&#10;/usr/local/Cellar/fastlane/2.219.0_2/libexec/gems/fastlane-2.219.0/fastlane/lib/fastlane/commands_generator.rb:110:in `block (2 levels) in run&apos;&#10;/usr/local/Cellar/fastlane/2.219.0_2/libexec/gems/commander-4.6.0/lib/commander/command.rb:187:in `call&apos;&#10;/usr/local/Cellar/fastlane/2.219.0_2/libexec/gems/commander-4.6.0/lib/commander/command.rb:157:in `run&apos;&#10;/usr/local/Cellar/fastlane/2.219.0_2/libexec/gems/commander-4.6.0/lib/commander/runner.rb:444:in `run_active_command&apos;&#10;/usr/local/Cellar/fastlane/2.219.0_2/libexec/gems/fastlane-2.219.0/fastlane_core/lib/fastlane_core/ui/fastlane_runner.rb:124:in `run!&apos;&#10;/usr/local/Cellar/fastlane/2.219.0_2/libexec/gems/commander-4.6.0/lib/commander/delegates.rb:18:in `run!&apos;&#10;/usr/local/Cellar/fastlane/2.219.0_2/libexec/gems/fastlane-2.219.0/fastlane/lib/fastlane/commands_generator.rb:354:in `run&apos;&#10;/usr/local/Cellar/fastlane/2.219.0_2/libexec/gems/fastlane-2.219.0/fastlane/lib/fastlane/commands_generator.rb:43:in `start&apos;&#10;/usr/local/Cellar/fastlane/2.219.0_2/libexec/gems/fastlane-2.219.0/fastlane/lib/fastlane/cli_tools_distributor.rb:123:in `take_off&apos;&#10;/usr/local/Cellar/fastlane/2.219.0_2/libexec/gems/fastlane-2.219.0/bin/fastlane:23:in `&lt;top (required)&gt;&apos;&#10;/usr/local/Cellar/fastlane/2.219.0_2/libexec/bin/fastlane:25:in `load&apos;&#10;/usr/local/Cellar/fastlane/2.219.0_2/libexec/bin/fastlane:25:in `&lt;main&gt;&apos;&#10;&#10;Exit status of command &apos;set -o pipefail &amp;&amp; xcodebuild build test -workspace &quot;Construction Helper.xcworkspace&quot; | tee &apos;/Users/saqlainshohrab/Library/Logs/fastlane/xcbuild/2024-02-28/94932/xcodebuild.log&apos; | xcpretty --color --test&apos; was 64 instead of 0.&#10;2024-02-28 22:55:41.945 xcodebuild[94938:1494494] Writing error result bundle to /var/folders/8k/r10jdn811_l2z18z_yxwxd1m0000gn/T/ResultBundle_2024-28-02_22-55-0041.xcresult&#10;2024-02-28 22:55:41.991 xcodebuild[94938:1494494] Requested but did not find extension point with identifier Xcode.IDEFoundation.IDEResultKitSerializationConverter&#10;xcodebuild: error: If you specify a workspace then you must also specify a scheme.  Use -list to see the schemes in this workspace.&#10;" />
        
      </testcase>
    
  </testsuite>
</testsuites>
